  公司考勤管理系统.cpp
E:\QQ\公司考勤管理系统.cpp(79,7): warning C4101: “key”: 未引用的局部变量
E:\QQ\公司考勤管理系统.cpp(278,10): warning C4476: "scanf": 格式说明符中的类型字段字符“.”未知
E:\QQ\公司考勤管理系统.cpp(278,17): warning C4474: scanf: 格式字符串中传递的参数太多
E:\QQ\公司考勤管理系统.cpp(278,17): message : 占位符和其参数预计 0 可变参数，但提供的却是 1 参数
E:\QQ\公司考勤管理系统.cpp(281,10): warning C4476: "scanf": 格式说明符中的类型字段字符“.”未知
E:\QQ\公司考勤管理系统.cpp(281,17): warning C4474: scanf: 格式字符串中传递的参数太多
E:\QQ\公司考勤管理系统.cpp(281,17): message : 占位符和其参数预计 0 可变参数，但提供的却是 1 参数
E:\QQ\公司考勤管理系统.cpp(245,11): warning C4101: “p”: 未引用的局部变量
E:\QQ\公司考勤管理系统.cpp(379,7): warning C4101: “num”: 未引用的局部变量
E:\QQ\公司考勤管理系统.cpp(483,13): warning C4476: "fscanf": 格式说明符中的类型字段字符“.”未知
E:\QQ\公司考勤管理系统.cpp(483,91): warning C4474: fscanf: 格式字符串中传递的参数太多
E:\QQ\公司考勤管理系统.cpp(483,91): message : 占位符和其参数预计 5 可变参数，但提供的却是 7 参数
E:\QQ\公司考勤管理系统.cpp(494,14): warning C4477: “printf”: 格式字符串“%d”需要类型“int”的参数，但可变参数 5 拥有了类型“int *”
E:\QQ\公司考勤管理系统.cpp(494,14): warning C4313: "printf": 格式字符串中的 "%d" 与类型为 "int *" 的参数 5 冲突
E:\QQ\公司考勤管理系统.cpp(494,14): warning C4477: “printf”: 格式字符串“%.0f”需要类型“double”的参数，但可变参数 6 拥有了类型“float *”
E:\QQ\公司考勤管理系统.cpp(494,14): warning C4477: “printf”: 格式字符串“%.0f”需要类型“double”的参数，但可变参数 7 拥有了类型“float *”
E:\QQ\公司考勤管理系统.cpp(472,15): warning C4101: “p”: 未引用的局部变量
E:\QQ\公司考勤管理系统.cpp(523,13): warning C4476: "fscanf": 格式说明符中的类型字段字符“.”未知
E:\QQ\公司考勤管理系统.cpp(523,91): warning C4474: fscanf: 格式字符串中传递的参数太多
E:\QQ\公司考勤管理系统.cpp(523,91): message : 占位符和其参数预计 5 可变参数，但提供的却是 7 参数
E:\QQ\公司考勤管理系统.cpp(533,14): warning C4477: “printf”: 格式字符串“%d”需要类型“int”的参数，但可变参数 5 拥有了类型“int *”
E:\QQ\公司考勤管理系统.cpp(533,14): warning C4313: "printf": 格式字符串中的 "%d" 与类型为 "int *" 的参数 5 冲突
E:\QQ\公司考勤管理系统.cpp(533,14): warning C4477: “printf”: 格式字符串“%.0f”需要类型“double”的参数，但可变参数 6 拥有了类型“float *”
E:\QQ\公司考勤管理系统.cpp(533,14): warning C4477: “printf”: 格式字符串“%.0f”需要类型“double”的参数，但可变参数 7 拥有了类型“float *”
E:\QQ\公司考勤管理系统.cpp(512,16): warning C4101: “p”: 未引用的局部变量
E:\QQ\公司考勤管理系统.cpp(568,13): warning C4476: "fscanf": 格式说明符中的类型字段字符“.”未知
E:\QQ\公司考勤管理系统.cpp(568,91): warning C4474: fscanf: 格式字符串中传递的参数太多
E:\QQ\公司考勤管理系统.cpp(568,91): message : 占位符和其参数预计 5 可变参数，但提供的却是 7 参数
E:\QQ\公司考勤管理系统.cpp(586,10): warning C4477: “scanf”: 格式字符串“%d”需要类型“int *”的参数，但可变参数 1 拥有了类型“char (*)[20]”
E:\QQ\公司考勤管理系统.cpp(586,10): message : 请考虑在格式字符串中使用“%hhd”
E:\QQ\公司考勤管理系统.cpp(593,10): warning C4477: “scanf”: 格式字符串“%d”需要类型“int *”的参数，但可变参数 1 拥有了类型“char (*)[20]”
E:\QQ\公司考勤管理系统.cpp(593,10): message : 请考虑在格式字符串中使用“%hhd”
E:\QQ\公司考勤管理系统.cpp(600,10): warning C4477: “scanf”: 格式字符串“%d”需要类型“int *”的参数，但可变参数 1 拥有了类型“char (*)[20]”
E:\QQ\公司考勤管理系统.cpp(600,10): message : 请考虑在格式字符串中使用“%hhd”
E:\QQ\公司考勤管理系统.cpp(607,10): warning C4477: “scanf”: 格式字符串“%d”需要类型“int *”的参数，但可变参数 1 拥有了类型“char (*)[20]”
E:\QQ\公司考勤管理系统.cpp(607,10): message : 请考虑在格式字符串中使用“%hhd”
E:\QQ\公司考勤管理系统.cpp(614,10): warning C4477: “scanf”: 格式字符串“%d”需要类型“int *”的参数，但可变参数 1 拥有了类型“char (*)[20]”
E:\QQ\公司考勤管理系统.cpp(614,10): message : 请考虑在格式字符串中使用“%hhd”
E:\QQ\公司考勤管理系统.cpp(621,10): warning C4477: “scanf”: 格式字符串“%d”需要类型“int *”的参数，但可变参数 1 拥有了类型“char (*)[20]”
E:\QQ\公司考勤管理系统.cpp(621,10): message : 请考虑在格式字符串中使用“%hhd”
E:\QQ\公司考勤管理系统.cpp(628,10): warning C4477: “scanf”: 格式字符串“%d”需要类型“int *”的参数，但可变参数 1 拥有了类型“char (*)[20]”
E:\QQ\公司考勤管理系统.cpp(628,10): message : 请考虑在格式字符串中使用“%hhd”
E:\QQ\公司考勤管理系统.cpp(678,13): warning C4476: "fscanf": 格式说明符中的类型字段字符“.”未知
E:\QQ\公司考勤管理系统.cpp(678,91): warning C4474: fscanf: 格式字符串中传递的参数太多
E:\QQ\公司考勤管理系统.cpp(678,91): message : 占位符和其参数预计 5 可变参数，但提供的却是 7 参数
E:\QQ\公司考勤管理系统.cpp(776,13): warning C4476: "fscanf": 格式说明符中的类型字段字符“.”未知
E:\QQ\公司考勤管理系统.cpp(776,91): warning C4474: fscanf: 格式字符串中传递的参数太多
E:\QQ\公司考勤管理系统.cpp(776,91): message : 占位符和其参数预计 5 可变参数，但提供的却是 7 参数
E:\QQ\公司考勤管理系统.cpp(786,13): warning C4477: “printf”: 格式字符串“%d”需要类型“int”的参数，但可变参数 5 拥有了类型“int *”
E:\QQ\公司考勤管理系统.cpp(786,13): warning C4313: "printf": 格式字符串中的 "%d" 与类型为 "int *" 的参数 5 冲突
E:\QQ\公司考勤管理系统.cpp(786,13): warning C4477: “printf”: 格式字符串“%.0f”需要类型“double”的参数，但可变参数 6 拥有了类型“float *”
E:\QQ\公司考勤管理系统.cpp(786,13): warning C4477: “printf”: 格式字符串“%.0f”需要类型“double”的参数，但可变参数 7 拥有了类型“float *”
E:\QQ\公司考勤管理系统.cpp(788,58): warning C4244: “=”: 从“double”转换到“float”，可能丢失数据
E:\QQ\公司考勤管理系统.cpp(764,20): warning C4101: “p”: 未引用的局部变量
E:\QQ\公司考勤管理系统.cpp(764,12): warning C4101: “t”: 未引用的局部变量
  公司考勤管理系统.vcxproj -> D:\代码\diary_C\公司考勤管理系统\x64\Debug\公司考勤管理系统.exe
